<?xml version="1.0" encoding="UTF-8"?>
<!-- Generated by org.testng.reporters.JUnitReportReporter -->
<testsuite hostname="DESKTOP-BL2895T" failures="0" tests="2" name="com.qa.tests.GetAPITest" time="1.349" errors="0" timestamp="2021-08-01T03:36:11 IST" skipped="0">
  <testcase classname="com.qa.tests.GetAPITest" name="getAPITestwithoutHeaders" time="1.006"/>
  <system-out/>
  <testcase classname="com.qa.tests.GetAPITest" name="getAPITestwitHeaders" time="0.343"/>
  <system-out/>
</testsuite> <!-- com.qa.tests.GetAPITest -->
