<?xml version="1.0" encoding="UTF-8"?>
<!-- Generated by org.testng.reporters.JUnitReportReporter -->
<testsuite hostname="DESKTOP-BL2895T" failures="0" tests="1" name="com.qa.tests.PostAPITest" time="11.305" errors="0" timestamp="2021-08-02T01:43:15 IST" skipped="0">
  <testcase classname="com.qa.tests.PostAPITest" name="postAPITest" time="11.305"/>
  <system-out/>
</testsuite> <!-- com.qa.tests.PostAPITest -->
